********************************************************************************
DUPLICATOR-LITE PACKAGE-LOG: April 16, 2019 9:37 pm
NOTICE: Do NOT post to public sites or forums 
********************************************************************************
VERSION:	1.3.10
WORDPRESS:	5.1.1
PHP INFO:	7.2.1 | SAPI: apache2handler
SERVER:		Apache/2.2.31 (Win32) DAV/2 mod_ssl/2.2.31 OpenSSL/1.0.2h mod_fcgid/2.3.9 mod_wsgi/3.4 Python/2.7.6 PHP/7.2.1 mod_perl/2.0.8 Perl/v5.16.3 
PHP TIME LIMIT: (0) no time limit imposed 
PHP MAX MEMORY: 4294967296 (256M default) 
MEMORY STACK: 20MB 

********************************************************************************
DATABASE:
********************************************************************************
BUILD MODE:   PHP(query limit - 100)
MYSQLTIMEOUT: 5000
MYSQLDUMP:    Not Supported 
TABLES: total:15 | filtered:0 | create:15 
FILTERED: [] 
SQL CREATED: 20190416_kleanersa_5d1b1a981b1375ec1181_20190416213706_database.sql 
SQL FILE SIZE: 942.68KB (965305) 
SQL FILE TIME: 2019-04-16 21:37:31 
SQL RUNTIME: 0.81 sec. 

******************************************************************************** 
ARCHIVE (ZIP): 
******************************************************************************** 
ARCHIVE DIR:  C:/Users/kpix/Desktop/Tarea curso videojuegos/Tareas/ACT01_seo-deploy-seguridad_WP/wordpress 
ARCHIVE FILE: 20190416_kleanersa_5d1b1a981b1375ec1181_20190416213706_archive.zip 
FILTERS: *OFF* 
DIRS:
	not set 
FILES:
	not set 
EXTS:  not set 
---------------------------------------- 
COMPRESSING 
SIZE:	73.03MB 
STATS:	Dirs 511 | Files 3,771 
SQL ADDED: 20190416_kleanersa_5d1b1a981b1375ec1181_20190416213706_database.sql 
ZipArchive Object
(
    [status] => 0
    [statusSys] => 0
    [numFiles] => 4282
    [filename] => C:\Users\kpix\Desktop\Tarea curso videojuegos\Tareas\ACT01_seo-deploy-seguridad_WP\wordpress\wp-snapshots\tmp\20190416_kleanersa_5d1b1a981b1375ec1181_20190416213706_archive.zip
    [comment] => 
)
 
FILE ADDED TO ZIP: 4281 
COMPRESSION RESULT: '1' 
COMPRESSED SIZE: 25.13MB 
ARCHIVE RUNTIME: 42.38 sec. 
MEMORY STACK: 22MB 
building installer 
add_extra_files1 
add_extra_files2 
add_extra_files3 
add_extra_files4 
Doing archive file check 
add_extra_files5 
add_extra_files6 
add_extra_files8 
Successfully opened zip C:/Users/kpix/Desktop/Tarea curso videojuegos/Tareas/ACT01_seo-deploy-seguridad_WP/wordpress/wp-snapshots/tmp/20190416_kleanersa_5d1b1a981b1375ec1181_20190416213706_archive.zip 
Adding enhanced installer files to archive using ZipArchive 
Installer files added to archive 
Added to archive 
After ziparchive close when adding installer 

******************************************************************************** 
INTEGRITY CHECKS: 
******************************************************************************** 
SQL FILE: 942.68KB 
INSTALLER FILE: 207.32KB 
ARCHIVE FILE: 26.08MB  
EXPECTED FILE/DIRECTORY COUNT: 4,282 
ACTUAL FILE/DIRECTORY COUNT: 4,281 
ARCHIVE CONSISTENCY TEST: Pass 

********************************************************************************
RECORD ID:[1]
TOTAL PROCESS RUNTIME: 45.81 sec.
PEAK PHP MEMORY USED: 22MB
DONE PROCESSING => 20190416_kleanersa April 16, 2019 9:38 pm
 
